<?xml version="1.0" encoding="UTF-8"?>
<testng-results ignored="3" total="3" passed="0" failed="0" skipped="0">
  <reporter-output>
  </reporter-output>
  <suite started-at="2023-11-25T20:31:05 IST" name="OpenCartSuite" finished-at="2023-11-25T20:31:06 IST" duration-ms="352">
    <groups>
    </groups>
    <test started-at="2023-11-25T20:31:05 IST" name="OpenCartTest" finished-at="2023-11-25T20:31:06 IST" duration-ms="352">
    </test> <!-- OpenCartTest -->
  </suite> <!-- OpenCartSuite -->
</testng-results>
