<?xml version="1.0" encoding="UTF-8"?>
<!-- Generated by org.testng.reporters.JUnitXMLReporter -->
<testsuite ignored="2" hostname="AAD54139" failures="2" tests="2" name="OpenCartTest" time="0.41" errors="0" timestamp="2023-11-25T20:33:05 IST">
  <testcase classname="testCases.TC_002_LoginTest" name="test_Login" time="0.008">
    <failure type="java.lang.AssertionError" message="null">
      <![CDATA[java.lang.AssertionError: null
at testCases.TC_002_LoginTest.test_Login(TC_002_LoginTest.java:36)
at java.base/java.util.ArrayList.forEach(ArrayList.java:1511)
... Removed 29 stack frames]]>
    </failure>
  </testcase> <!-- test_Login -->
  <testcase classname="testCases.TC_002_LoginTest" name="test_Login" time="0.027">
    <failure type="java.lang.NullPointerException" message="Cannot invoke &amp;quot;org.openqa.selenium.TakesScreenshot.getScreenshotAs(org.openqa.selenium.OutputType)&amp;quot; because &amp;quot;takesScreenshot&amp;quot; is null">
      <![CDATA[java.lang.NullPointerException: Cannot invoke "org.openqa.selenium.TakesScreenshot.getScreenshotAs(org.openqa.selenium.OutputType)" because "takesScreenshot" is null
at testBase.BaseClass.captureScreen(BaseClass.java:87)
at utilities.ExtentReportManager.onTestFailure(ExtentReportManager.java:61)
at java.base/java.util.ArrayList.forEach(ArrayList.java:1511)
... Removed 24 stack frames]]>
    </failure>
  </testcase> <!-- test_Login -->
  <testcase classname="testCases.TC_001_AccountRegistrationTest" name="test_account_Registration" time="0.0">
    <ignored/>
  </testcase> <!-- test_account_Registration -->
  <testcase classname="testCases.TC_003_LoginDDT" name="test_loginDDT" time="0.0">
    <ignored/>
  </testcase> <!-- test_loginDDT -->
</testsuite> <!-- OpenCartTest -->
